Arguments: 
  /Users/amo/.nvm/versions/node/v14.17.6/bin/node /Users/amo/.nvm/versions/node/v14.17.6/bin/yarnpkg install --no-progress

PATH: 
  /Users/amo/.rbenv/versions/2.6.6/lib/ruby/gems/2.6.0/bin:/Users/amo/.rbenv/versions/2.6.6/bin:/usr/local/Cellar/rbenv/1.1.2/libexec:/Users/amo/.nvm/versions/node/v14.17.6/bin:/Users/amo/.rbenv/shims:/usr/local/bin:/usr/bin:/bin:/usr/sbin:/sbin:/Library/Apple/usr/bin

Yarn version: 
  1.22.11

Node version: 
  14.17.6

Platform: 
  darwin x64

Trace: 
  SyntaxError: /Users/amo/divespace/ngixx/package.json: Unexpected string in JSON at position 88
      at JSON.parse (<anonymous>)
      at /Users/amo/.nvm/versions/node/v14.17.6/lib/node_modules/yarn/lib/cli.js:1625:59
      at Generator.next (<anonymous>)
      at step (/Users/amo/.nvm/versions/node/v14.17.6/lib/node_modules/yarn/lib/cli.js:310:30)
      at /Users/amo/.nvm/versions/node/v14.17.6/lib/node_modules/yarn/lib/cli.js:321:13

npm manifest: 
  {
    "name": "Nginx",
    "private": true,
    "dependencies": {
      "serve": "^12.0.1"
    }
  
  " scripts : {
  "start" : "react-scripts start",
  "build" : "react-scripts build",
  "test" : "react-scripts test",
  "ejecter" : "react-scripts ejecter".
  }
  
  {
     "stack": "heroku-18"
  }
  
  }

yarn manifest: 
  No manifest

Lockfile: 
  # THIS IS AN AUTOGENERATED FILE. DO NOT EDIT THIS FILE DIRECTLY.
  # yarn lockfile v1
